Buildfile: /home/arvind/Desktop/IIT/Sem 5/CA Lab/comp_arch/Ass 3/CS311_assignment3/submissions/build.xml

build-subprojects:

init:
    [mkdir] Created dir: /home/arvind/Desktop/IIT/Sem 5/CA Lab/comp_arch/Ass 3/CS311_assignment3/submissions/bin
     [copy] Copying 1 file to /home/arvind/Desktop/IIT/Sem 5/CA Lab/comp_arch/Ass 3/CS311_assignment3/submissions/bin

build-project:
    [javac] Compiling 22 source files to /home/arvind/Desktop/IIT/Sem 5/CA Lab/comp_arch/Ass 3/CS311_assignment3/submissions/bin
    [javac] warning: [options] bootstrap class path not set in conjunction with -source 8
    [javac] 1 warning

build:

make-jar:
    [mkdir] Created dir: /home/arvind/Desktop/IIT/Sem 5/CA Lab/comp_arch/Ass 3/CS311_assignment3/submissions/jars
      [jar] Building jar: /home/arvind/Desktop/IIT/Sem 5/CA Lab/comp_arch/Ass 3/CS311_assignment3/submissions/jars/simulator.jar

BUILD SUCCESSFUL
Total time: 1 second
Buildfile: /home/arvind/Desktop/IIT/Sem 5/CA Lab/comp_arch/Ass 3/CS311_assignment3/submissions/build.xml

build-subprojects:

init:
     [copy] Copying 1 file to /home/arvind/Desktop/IIT/Sem 5/CA Lab/comp_arch/Ass 3/CS311_assignment3/submissions/bin

build-project:
    [javac] Compiling 22 source files to /home/arvind/Desktop/IIT/Sem 5/CA Lab/comp_arch/Ass 3/CS311_assignment3/submissions/bin
    [javac] warning: [options] bootstrap class path not set in conjunction with -source 8
    [javac] 1 warning

build:

make-jar:
      [jar] Building jar: /home/arvind/Desktop/IIT/Sem 5/CA Lab/comp_arch/Ass 3/CS311_assignment3/submissions/jars/simulator.jar

BUILD SUCCESSFUL
Total time: 1 second
